0 info it worked if it ends with ok
1 verbose cli [ '/usr/local/Cellar/node/6.2.1/bin/node',
1 verbose cli   '/Users/alexleitch/.node/bin/npm',
1 verbose cli   'run',
1 verbose cli   'gulp' ]
2 info using npm@3.8.6
3 info using node@v6.2.1
4 verbose run-script [ 'pregulp', 'gulp', 'postgulp' ]
5 info lifecycle icons_project@1.0.0~pregulp: icons_project@1.0.0
6 silly lifecycle icons_project@1.0.0~pregulp: no script for pregulp, continuing
7 info lifecycle icons_project@1.0.0~gulp: icons_project@1.0.0
8 verbose lifecycle icons_project@1.0.0~gulp: unsafe-perm in lifecycle true
9 verbose lifecycle icons_project@1.0.0~gulp: PATH: /Users/alexleitch/.node/lib/node_modules/npm/bin/node-gyp-bin:/Users/alexleitch/Documents/projects/icons/node_modules/.bin:/usr/local/Cellar/node/6.2.1/bin:/Users/alexleitch/.rbenv/shims:/~/.gem:/Library/Frameworks/Python.framework/Versions/2.7/bin:/Users/alexleitch/.node/bin:/usr/local/heroku/bin:/usr/local/bin:/usr/bin:/bin:/usr/sbin:/sbin:/opt/X11/bin
10 verbose lifecycle icons_project@1.0.0~gulp: CWD: /Users/alexleitch/Documents/projects/icons
11 silly lifecycle icons_project@1.0.0~gulp: Args: [ '-c', 'cd frontend && gulp default' ]
12 silly lifecycle icons_project@1.0.0~gulp: Returned: code: 1  signal: null
13 info lifecycle icons_project@1.0.0~gulp: Failed to exec gulp script
14 verbose stack Error: icons_project@1.0.0 gulp: `cd frontend && gulp default`
14 verbose stack Exit status 1
14 verbose stack     at EventEmitter.<anonymous> (/Users/alexleitch/.node/lib/node_modules/npm/lib/utils/lifecycle.js:239:16)
14 verbose stack     at emitTwo (events.js:106:13)
14 verbose stack     at EventEmitter.emit (events.js:191:7)
14 verbose stack     at ChildProcess.<anonymous> (/Users/alexleitch/.node/lib/node_modules/npm/lib/utils/spawn.js:24:14)
14 verbose stack     at emitTwo (events.js:106:13)
14 verbose stack     at ChildProcess.emit (events.js:191:7)
14 verbose stack     at maybeClose (internal/child_process.js:852:16)
14 verbose stack     at Process.ChildProcess._handle.onexit (internal/child_process.js:215:5)
15 verbose pkgid icons_project@1.0.0
16 verbose cwd /Users/alexleitch/Documents/projects/icons
17 error Darwin 15.4.0
18 error argv "/usr/local/Cellar/node/6.2.1/bin/node" "/Users/alexleitch/.node/bin/npm" "run" "gulp"
19 error node v6.2.1
20 error npm  v3.8.6
21 error code ELIFECYCLE
22 error icons_project@1.0.0 gulp: `cd frontend && gulp default`
22 error Exit status 1
23 error Failed at the icons_project@1.0.0 gulp script 'cd frontend && gulp default'.
23 error Make sure you have the latest version of node.js and npm installed.
23 error If you do, this is most likely a problem with the icons_project package,
23 error not with npm itself.
23 error Tell the author that this fails on your system:
23 error     cd frontend && gulp default
23 error You can get information on how to open an issue for this project with:
23 error     npm bugs icons_project
23 error Or if that isn't available, you can get their info via:
23 error     npm owner ls icons_project
23 error There is likely additional logging output above.
24 verbose exit [ 1, true ]
